High Performance MPEG 1.0/2.0/2.5 Audio Player for Layers 1, 2 and 3
	version 1.29.3; written and copyright by Michael Hipp and others
	free software (LGPL) without any warranty but with best wishes

Playing MPEG stream 1 of 1: audio.mp3 ...

MPEG 1.0 L III cbr256 48000 j-s

mpg123: death by SIGTERM

[0:19] Decoding of audio.mp3 finished.
[src/libout123/modules/pulse.c:flush_pulse():245] error: Failed to flush audio: (null)
High Performance MPEG 1.0/2.0/2.5 Audio Player for Layers 1, 2 and 3
	version 1.29.3; written and copyright by Michael Hipp and others
	free software (LGPL) without any warranty but with best wishes

Playing MPEG stream 1 of 1: audio.mp3 ...

MPEG 1.0 L III cbr256 48000 j-s

mpg123: death by SIGTERM

[0:21] Decoding of audio.mp3 finished.
[src/libout123/modules/pulse.c:flush_pulse():245] error: Failed to flush audio: (null)
High Performance MPEG 1.0/2.0/2.5 Audio Player for Layers 1, 2 and 3
	version 1.29.3; written and copyright by Michael Hipp and others
	free software (LGPL) without any warranty but with best wishes

Playing MPEG stream 1 of 1: audio.mp3 ...

MPEG 1.0 L III cbr256 48000 j-s

mpg123: death by SIGTERM

[0:08] Decoding of audio.mp3 finished.
[src/libout123/modules/pulse.c:flush_pulse():245] error: Failed to flush audio: (null)
High Performance MPEG 1.0/2.0/2.5 Audio Player for Layers 1, 2 and 3
	version 1.29.3; written and copyright by Michael Hipp and others
	free software (LGPL) without any warranty but with best wishes

Playing MPEG stream 1 of 1: audio.mp3 ...

MPEG 1.0 L III cbr256 48000 j-s

mpg123: death by SIGTERM

[0:26] Decoding of audio.mp3 finished.
[src/libout123/modules/pulse.c:flush_pulse():245] error: Failed to flush audio: (null)
High Performance MPEG 1.0/2.0/2.5 Audio Player for Layers 1, 2 and 3
	version 1.29.3; written and copyright by Michael Hipp and others
	free software (LGPL) without any warranty but with best wishes

Playing MPEG stream 1 of 1: audio.mp3 ...

MPEG 1.0 L III cbr256 48000 j-s

mpg123: death by SIGTERM

[0:38] Decoding of audio.mp3 finished.
[src/libout123/modules/pulse.c:flush_pulse():245] error: Failed to flush audio: (null)
High Performance MPEG 1.0/2.0/2.5 Audio Player for Layers 1, 2 and 3
	version 1.29.3; written and copyright by Michael Hipp and others
	free software (LGPL) without any warranty but with best wishes

Playing MPEG stream 1 of 1: audio.mp3 ...

MPEG 1.0 L III cbr256 48000 j-s

mpg123: death by SIGTERM

[0:11] Decoding of audio.mp3 finished.
[src/libout123/modules/pulse.c:flush_pulse():245] error: Failed to flush audio: (null)
High Performance MPEG 1.0/2.0/2.5 Audio Player for Layers 1, 2 and 3
	version 1.29.3; written and copyright by Michael Hipp and others
	free software (LGPL) without any warranty but with best wishes

Playing MPEG stream 1 of 1: audio.mp3 ...

MPEG 1.0 L III cbr256 48000 j-s

mpg123: death by SIGTERM

[0:04] Decoding of audio.mp3 finished.
[src/libout123/modules/pulse.c:flush_pulse():245] error: Failed to flush audio: (null)
High Performance MPEG 1.0/2.0/2.5 Audio Player for Layers 1, 2 and 3
	version 1.29.3; written and copyright by Michael Hipp and others
	free software (LGPL) without any warranty but with best wishes

Playing MPEG stream 1 of 1: audio.mp3 ...

MPEG 1.0 L III cbr256 48000 j-s

mpg123: death by SIGTERM

[0:05] Decoding of audio.mp3 finished.
[src/libout123/modules/pulse.c:flush_pulse():245] error: Failed to flush audio: (null)
High Performance MPEG 1.0/2.0/2.5 Audio Player for Layers 1, 2 and 3
	version 1.29.3; written and copyright by Michael Hipp and others
	free software (LGPL) without any warranty but with best wishes

Playing MPEG stream 1 of 1: audio.mp3 ...

MPEG 1.0 L III cbr256 48000 j-s

mpg123: death by SIGTERM

[0:16] Decoding of audio.mp3 finished.
[src/libout123/modules/pulse.c:flush_pulse():245] error: Failed to flush audio: (null)
